<?xml version="1.0" encoding="UTF-8"?>
<!-- Generated by org.testng.reporters.JUnitXMLReporter -->
<testsuite ignored="0" hostname="LAPTOP-GTGNKHM2" failures="0" tests="2" name="Error Validation Test" time="7.37" errors="0" timestamp="2024-03-12T20:16:37 IST">
  <testcase classname="rahulshettyacademy.tests.ErrorValidationsTest" name="LoginErrorValidation" time="0.0">
    <skipped/>
  </testcase> <!-- LoginErrorValidation -->
  <testcase classname="rahulshettyacademy.tests.ErrorValidationsTest" name="ProductErrorValidation" time="0.0">
    <skipped/>
  </testcase> <!-- ProductErrorValidation -->
</testsuite> <!-- Error Validation Test -->
